<?xml version="1.0" encoding="UTF-8"?>
<!-- Generated by org.testng.reporters.JUnitReportReporter -->
<testsuite skipped="0" hostname="Yogesh" name="com.amazon.runner.TestRunner" tests="2" failures="0" timestamp="25 Nov 2020 18:22:37 GMT" time="50.602" errors="0">
  <testcase name="feature" time="36.111" classname="com.amazon.runner.TestRunner"/>
  <testcase name="feature" time="14.491" classname="com.amazon.runner.TestRunner"/>
</testsuite> <!-- com.amazon.runner.TestRunner -->
