<?xml version="1.0" encoding="UTF-8"?>
<!-- Generated by org.testng.reporters.JUnitReportReporter -->
<testsuite skipped="0" hostname="Yogesh" name="com.amazon.runner.RunnerTest" tests="2" failures="0" timestamp="27 Sep 2020 17:41:22 GMT" time="67.940" errors="0">
  <testcase name="feature" time="25.102" classname="com.amazon.runner.RunnerTest"/>
  <testcase name="feature" time="42.838" classname="com.amazon.runner.RunnerTest"/>
</testsuite> <!-- com.amazon.runner.RunnerTest -->
